<?xml version="1.0" encoding="UTF-8"?>
<!-- Generated by org.testng.reporters.JUnitXMLReporter -->
<testsuite ignored="2" hostname="DESKTOP-HEH3CH7" failures="0" tests="0" time="0.031" errors="0" timestamp="2025-03-11T13:15:15 IST">
  <testcase classname="rahulshettyacademy.Tests.ErrorValidation" name="errorValidation" time="0.0">
    <ignored/>
  </testcase> <!-- errorValidation -->
  <testcase classname="rahulshettyacademy.Tests.ErrorValidation" name="errorValidationForProductName" time="0.0">
    <ignored/>
  </testcase> <!-- errorValidationForProductName -->
</testsuite>
