<?xml version="1.0" encoding="UTF-8"?>
<!-- Generated by org.testng.reporters.JUnitXMLReporter -->
<testsuite ignored="1" hostname="DESKTOP-HEH3CH7" failures="0" tests="2" name="Submit Order" time="26.748" errors="0" timestamp="2025-03-11T13:15:42 IST">
  <testcase classname="rahulshettyacademy.Tests.SubmitOrderTest" name="SubmitOrder" time="5.265"/>
  <testcase classname="rahulshettyacademy.Tests.SubmitOrderTest" name="SubmitOrder" time="5.76"/>
  <testcase classname="rahulshettyacademy.Tests.SubmitOrderTest" name="orderHistoryTest" time="0.0">
    <ignored/>
  </testcase> <!-- orderHistoryTest -->
</testsuite> <!-- Submit Order -->
