<?xml version="1.0" encoding="UTF-8"?>
<testng-results ignored="0" total="2" passed="2" failed="0" skipped="0">
  <reporter-output>
  </reporter-output>
  <suite started-at="2025-03-11T13:15:15 IST" name="Suite" finished-at="2025-03-11T13:15:42 IST" duration-ms="26748">
    <groups>
      <group name="Purchase">
        <method signature="SubmitOrderTest.SubmitOrder(java.lang.String,java.lang.String,java.lang.String)[pri:0, instance:rahulshettyacademy.Tests.SubmitOrderTest@3af9c5b7]" name="SubmitOrder" class="rahulshettyacademy.Tests.SubmitOrderTest"/>
      </group> <!-- Purchase -->
    </groups>
    <test started-at="2025-03-11T13:15:15 IST" name="Base Test" finished-at="2025-03-11T13:15:15 IST" duration-ms="45">
    </test> <!-- Base Test -->
    <test started-at="2025-03-11T13:15:15 IST" name="Error Validations" finished-at="2025-03-11T13:15:15 IST" duration-ms="31">
    </test> <!-- Error Validations -->
    <test started-at="2025-03-11T13:15:15 IST" name="Submit Order" finished-at="2025-03-11T13:15:42 IST" duration-ms="26748">
      <class name="rahulshettyacademy.Tests.SubmitOrderTest">
        <test-method is-config="true" signature="launchApplication()[pri:0, instance:rahulshettyacademy.Tests.SubmitOrderTest@3af9c5b7]" started-at="2025-03-11T13:15:15 IST" name="launchApplication" finished-at="2025-03-11T13:15:25 IST" duration-ms="9856" status="PASS">
          <reporter-output>
          </reporter-output>
        </test-method> <!-- launchApplication -->
        <test-method signature="SubmitOrder(java.lang.String,java.lang.String,java.lang.String)[pri:0, instance:rahulshettyacademy.Tests.SubmitOrderTest@3af9c5b7]" started-at="2025-03-11T13:15:25 IST" name="SubmitOrder" data-provider="getData" finished-at="2025-03-11T13:15:30 IST" duration-ms="5265" status="PASS">
          <params>
            <param index="0">
              <value>
                <![CDATA[kavyashetty@abc.com]]>
              </value>
            </param>
            <param index="1">
              <value>
                <![CDATA[Kavya@37]]>
              </value>
            </param>
            <param index="2">
              <value>
                <![CDATA[ZARA COAT 3]]>
              </value>
            </param>
          </params>
          <reporter-output>
          </reporter-output>
        </test-method> <!-- SubmitOrder -->
        <test-method is-config="true" signature="tearDown()[pri:0, instance:rahulshettyacademy.Tests.SubmitOrderTest@3af9c5b7]" started-at="2025-03-11T13:15:30 IST" name="tearDown" finished-at="2025-03-11T13:15:31 IST" duration-ms="306" status="PASS">
          <reporter-output>
          </reporter-output>
        </test-method> <!-- tearDown -->
        <test-method is-config="true" signature="launchApplication()[pri:0, instance:rahulshettyacademy.Tests.SubmitOrderTest@3af9c5b7]" started-at="2025-03-11T13:15:31 IST" name="launchApplication" finished-at="2025-03-11T13:15:36 IST" duration-ms="4972" status="PASS">
          <reporter-output>
          </reporter-output>
        </test-method> <!-- launchApplication -->
        <test-method signature="SubmitOrder(java.lang.String,java.lang.String,java.lang.String)[pri:0, instance:rahulshettyacademy.Tests.SubmitOrderTest@3af9c5b7]" started-at="2025-03-11T13:15:36 IST" name="SubmitOrder" data-provider="getData" finished-at="2025-03-11T13:15:41 IST" duration-ms="5760" status="PASS">
          <params>
            <param index="0">
              <value>
                <![CDATA[kavyashetty@abc.com]]>
              </value>
            </param>
            <param index="1">
              <value>
                <![CDATA[Kavya@37]]>
              </value>
            </param>
            <param index="2">
              <value>
                <![CDATA[ADIDAS ORIGINAL]]>
              </value>
            </param>
          </params>
          <reporter-output>
          </reporter-output>
        </test-method> <!-- SubmitOrder -->
        <test-method is-config="true" signature="tearDown()[pri:0, instance:rahulshettyacademy.Tests.SubmitOrderTest@3af9c5b7]" started-at="2025-03-11T13:15:41 IST" name="tearDown" finished-at="2025-03-11T13:15:42 IST" duration-ms="249" status="PASS">
          <reporter-output>
          </reporter-output>
        </test-method> <!-- tearDown -->
      </class> <!-- rahulshettyacademy.Tests.SubmitOrderTest -->
    </test> <!-- Submit Order -->
  </suite> <!-- Suite -->
</testng-results>
